<?xml version="1.0" encoding="UTF-8" standalone="yes"?>
<ns2:test-suite start="1534749750493" stop="1534749778668" version="1.5.2" xmlns:ns2="urn:model.allure.qatools.yandex.ru">
    <name>Login</name>
    <description type="text"></description>
    <test-cases>
        <test-case start="1534749750933" stop="1534749778666" status="broken">
            <name>Customer can login</name>
            <title>Customer can login</title>
            <description type="text"></description>
            <failure>
                <message>SerenityManagedException: The following error occurred: Timed out waiting for driver server to start.
Build info: version: '3.5.2', revision: '10229a9', time: '2017-08-21T17:29:55.15Z'
System info: host: 'INBGQT-LT-0295', ip: '10.10.12.71', os.name: 'Windows 10', os.arch: 'amd64', os.version: '10.0', java.version: '1.8.0_121'
Driver info: driver.version: ChromeDriver</message>
                <stack-trace>net.serenitybdd.core.exceptions.SerenityManagedException: The following error occurred: Timed out waiting for driver server to start.
Build info: version: '3.5.2', revision: '10229a9', time: '2017-08-21T17:29:55.15Z'
System info: host: 'INBGQT-LT-0295', ip: '10.10.12.71', os.name: 'Windows 10', os.arch: 'amd64', os.version: '10.0', java.version: '1.8.0_121'
Driver info: driver.version: ChromeDriver
	at org.openqa.selenium.remote.service.DriverService.waitUntilAvailable(DriverService.java:192)
	at org.openqa.selenium.remote.service.DriverService.start(DriverService.java:178)
	at org.openqa.selenium.remote.service.DriverCommandExecutor.execute(DriverCommandExecutor.java:78)
	at org.openqa.selenium.remote.RemoteWebDriver.execute(RemoteWebDriver.java:641)
	at org.openqa.selenium.remote.RemoteWebDriver.startSession(RemoteWebDriver.java:254)
	at org.openqa.selenium.remote.RemoteWebDriver.startSession(RemoteWebDriver.java:236)
	at org.openqa.selenium.remote.RemoteWebDriver.&lt;init&gt;(RemoteWebDriver.java:137)
	at org.openqa.selenium.chrome.ChromeDriver.&lt;init&gt;(ChromeDriver.java:178)
	at org.openqa.selenium.chrome.ChromeDriver.&lt;init&gt;(ChromeDriver.java:167)
	at org.openqa.selenium.chrome.ChromeDriver.&lt;init&gt;(ChromeDriver.java:156)
	at steps.HomeStep.openTheWebsite(HomeStep.java:18)
	at steps.HomeStep$$EnhancerByCGLIB$$a6f542a.CGLIB$openTheWebsite$3(&lt;generated&gt;)
	at steps.HomeStep$$EnhancerByCGLIB$$a6f542a$$FastClassByCGLIB$$932e22b.invoke(&lt;generated&gt;)
	at net.sf.cglib.proxy.MethodProxy.invokeSuper(MethodProxy.java:228)
	at net.thucydides.core.steps.StepInterceptor.invokeMethod(StepInterceptor.java:395)
	at net.thucydides.core.steps.StepInterceptor.executeTestStepMethod(StepInterceptor.java:380)
	at net.thucydides.core.steps.StepInterceptor.runTestStep(StepInterceptor.java:355)
	at net.thucydides.core.steps.StepInterceptor.testStepResult(StepInterceptor.java:132)
	at net.thucydides.core.steps.StepInterceptor.intercept(StepInterceptor.java:61)
	at steps.HomeStep$$EnhancerByCGLIB$$a6f542a.openTheWebsite(&lt;generated&gt;)
	at stepDefinitions.HomeStepDefinition.iOpenTheWebsite(HomeStepDefinition.java:16)
	at âœ½.Given I open the website(src/test/features/Login.feature:4)
Caused by: org.openqa.selenium.net.UrlChecker$TimeoutException: Timed out waiting for [http://localhost:45344/status] to be available after 20002 ms
	at org.openqa.selenium.net.UrlChecker.waitUntilAvailable(UrlChecker.java:102)
	at org.openqa.selenium.remote.service.DriverService.waitUntilAvailable(DriverService.java:187)
	at org.openqa.selenium.remote.service.DriverService.start(DriverService.java:178)
	at org.openqa.selenium.remote.service.DriverCommandExecutor.execute(DriverCommandExecutor.java:78)
	at org.openqa.selenium.remote.RemoteWebDriver.execute(RemoteWebDriver.java:641)
	at org.openqa.selenium.remote.RemoteWebDriver.startSession(RemoteWebDriver.java:254)
	at org.openqa.selenium.remote.RemoteWebDriver.startSession(RemoteWebDriver.java:236)
	at org.openqa.selenium.remote.RemoteWebDriver.&lt;init&gt;(RemoteWebDriver.java:137)
	at org.openqa.selenium.chrome.ChromeDriver.&lt;init&gt;(ChromeDriver.java:178)
	at org.openqa.selenium.chrome.ChromeDriver.&lt;init&gt;(ChromeDriver.java:167)
	at org.openqa.selenium.chrome.ChromeDriver.&lt;init&gt;(ChromeDriver.java:156)
	at steps.HomeStep.openTheWebsite(HomeStep.java:18)
	at steps.HomeStep$$EnhancerByCGLIB$$a6f542a.CGLIB$openTheWebsite$3(&lt;generated&gt;)
	at steps.HomeStep$$EnhancerByCGLIB$$a6f542a$$FastClassByCGLIB$$932e22b.invoke(&lt;generated&gt;)
	at net.sf.cglib.proxy.MethodProxy.invokeSuper(MethodProxy.java:228)
	at net.thucydides.core.steps.StepInterceptor.invokeMethod(StepInterceptor.java:395)
	at net.thucydides.core.steps.StepInterceptor.executeTestStepMethod(StepInterceptor.java:380)
	at net.thucydides.core.steps.StepInterceptor.runTestStep(StepInterceptor.java:355)
	at net.thucydides.core.steps.StepInterceptor.testStepResult(StepInterceptor.java:132)
	at net.thucydides.core.steps.StepInterceptor.intercept(StepInterceptor.java:61)
	at steps.HomeStep$$EnhancerByCGLIB$$a6f542a.openTheWebsite(&lt;generated&gt;)
	at stepDefinitions.HomeStepDefinition.iOpenTheWebsite(HomeStepDefinition.java:16)
	at sun.reflect.NativeMethodAccessorImpl.invoke0(Native Method)
	at sun.reflect.NativeMethodAccessorImpl.invoke(NativeMethodAccessorImpl.java:62)
	at sun.reflect.DelegatingMethodAccessorImpl.invoke(DelegatingMethodAccessorImpl.java:43)
	at java.lang.reflect.Method.invoke(Method.java:498)
	at cucumber.runtime.Utils$1.call(Utils.java:40)
	at cucumber.runtime.Timeout.timeout(Timeout.java:16)
	at cucumber.runtime.Utils.invoke(Utils.java:34)
	at cucumber.runtime.java.JavaStepDefinition.execute(JavaStepDefinition.java:38)
	at cucumber.runtime.StepDefinitionMatch.runStep(StepDefinitionMatch.java:37)
	at cucumber.runtime.Runtime.runStep(Runtime.java:300)
	at cucumber.runtime.model.StepContainer.runStep(StepContainer.java:44)
	at cucumber.runtime.model.StepContainer.runSteps(StepContainer.java:39)
	at cucumber.runtime.model.CucumberScenario.run(CucumberScenario.java:44)
	at cucumber.runtime.junit.ExecutionUnitRunner.run(ExecutionUnitRunner.java:102)
	at cucumber.runtime.junit.FeatureRunner.runChild(FeatureRunner.java:63)
	at cucumber.runtime.junit.FeatureRunner.runChild(FeatureRunner.java:18)
	at org.junit.runners.ParentRunner$3.run(ParentRunner.java:290)
	at org.junit.runners.ParentRunner$1.schedule(ParentRunner.java:71)
	at org.junit.runners.ParentRunner.runChildren(ParentRunner.java:288)
	at org.junit.runners.ParentRunner.access$000(ParentRunner.java:58)
	at org.junit.runners.ParentRunner$2.evaluate(ParentRunner.java:268)
	at org.junit.runners.ParentRunner.run(ParentRunner.java:363)
	at cucumber.runtime.junit.FeatureRunner.run(FeatureRunner.java:70)
	at cucumber.api.junit.Cucumber.runChild(Cucumber.java:95)
	at cucumber.api.junit.Cucumber.runChild(Cucumber.java:38)
	at org.junit.runners.ParentRunner$3.run(ParentRunner.java:290)
	at org.junit.runners.ParentRunner$1.schedule(ParentRunner.java:71)
	at org.junit.runners.ParentRunner.runChildren(ParentRunner.java:288)
	at org.junit.runners.ParentRunner.access$000(ParentRunner.java:58)
	at org.junit.runners.ParentRunner$2.evaluate(ParentRunner.java:268)
	at org.junit.runners.ParentRunner.run(ParentRunner.java:363)
	at cucumber.api.junit.Cucumber.run(Cucumber.java:100)
	at org.junit.runner.JUnitCore.run(JUnitCore.java:137)
	at com.intellij.junit4.JUnit4IdeaTestRunner.startRunnerWithArgs(JUnit4IdeaTestRunner.java:68)
	at com.intellij.rt.execution.junit.IdeaTestRunner$Repeater.startRunnerWithArgs(IdeaTestRunner.java:47)
	at com.intellij.rt.execution.junit.JUnitStarter.prepareStreamsAndStart(JUnitStarter.java:242)
	at com.intellij.rt.execution.junit.JUnitStarter.main(JUnitStarter.java:70)
Caused by: java.util.concurrent.TimeoutException
	at java.util.concurrent.FutureTask.get(FutureTask.java:205)
	at com.google.common.util.concurrent.SimpleTimeLimiter.callWithTimeout(SimpleTimeLimiter.java:180)
	at org.openqa.selenium.net.UrlChecker.waitUntilAvailable(UrlChecker.java:77)
	... 58 more
</stack-trace>
            </failure>
            <steps>
                <step start="1534749750949" stop="1534749772273" status="broken">
                    <name>Given I open the website</name>
                    <title>Given I open the website</title>
                </step>
                <step start="1534749772274" stop="1534749772279" status="canceled">
                    <name>When I click burger menu</name>
                    <title>When I click burger menu</title>
                </step>
                <step start="1534749772279" stop="1534749772280" status="canceled">
                    <name>When I click My Account menu</name>
                    <title>When I click My Account menu</title>
                </step>
                <step start="1534749772281" stop="1534749772282" status="canceled">
                    <name>When I click Login menu</name>
                    <title>When I click Login menu</title>
                </step>
                <step start="1534749772282" stop="1534749772284" status="canceled">
                    <name>Then I can see Login page</name>
                    <title>Then I can see Login page</title>
                </step>
                <step start="1534749772286" stop="1534749772288" status="canceled">
                    <name>When I input email "user@phptravels.com"</name>
                    <title>When I input email "user@phptravels.com"</title>
                </step>
                <step start="1534749772290" stop="1534749772291" status="canceled">
                    <name>And I input password "demouser"</name>
                    <title>And I input password "demouser"</title>
                </step>
                <step start="1534749772292" stop="1534749772294" status="canceled">
                    <name>And I click Submit button</name>
                    <title>And I click Submit button</title>
                </step>
                <step start="1534749772295" stop="1534749772792" status="canceled">
                    <name>Then I can see Account page contains "Johny Smith"</name>
                    <title>Then I can see Account page contains "Johny Smith"</title>
                </step>
            </steps>
            <attachments/>
            <labels>
                <label name="story" value="Customer can login"/>
                <label name="feature" value="Login"/>
                <label name="host" value="INBGQT-LT-0295"/>
                <label name="thread" value="12688@INBGQT-LT-0295.main(1)"/>
                <label name="framework" value="CucumberJVM"/>
            </labels>
        </test-case>
    </test-cases>
    <labels>
        <label name="feature" value="Login"/>
        <label name="language" value="JAVA"/>
    </labels>
</ns2:test-suite>
